platforms/android/app/build/outputs/logs/manifest-merger-debug-report.txt
-- Merging decision tree log ---
manifest
ADDED from src\main\AndroidManifest.xml:2:1-17:12
INJECTED from src\main\AndroidManifest.xml:2:1-17:12
INJECTED from src\main\AndroidManifest.xml:2:1-17:12
INJECTED from src\main\AndroidManifest.xml:2:1-17:12
MERGED from [com.android.support:appcompat-v7:23.4.0] AndroidManifest.xml:17:1-27:12
MERGED from [:CordovaLib] AndroidManifest.xml:20:1-27:12
MERGED from [com.android.support:animated-vector-drawable:23.4.0] AndroidManifest.xml:2:1-9:12
MERGED from [com.android.support:support-vector-drawable:23.4.0] AndroidManifest.xml:2:1-9:12
MERGED from [com.android.support:support-v4:23.4.0] AndroidManifest.xml:17:1-24:12
INJECTED from src\main\AndroidManifest.xml:2:1-17:12
INJECTED from src\main\AndroidManifest.xml:2:1-17:12
INJECTED from src\main\AndroidManifest.xml:2:1-17:12
	package
		ADDED from src\main\AndroidManifest.xml:2:102-125
		INJECTED from src\main\AndroidManifest.xml
		INJECTED from src\main\AndroidManifest.xml
	android:versionName
		ADDED from src\main\AndroidManifest.xml:2:74-101
		INJECTED from src\main\AndroidManifest.xml
		INJECTED from src\main\AndroidManifest.xml
	android:hardwareAccelerated
		ADDED from src\main\AndroidManifest.xml:2:11-45
	xmlns:android
		ADDED from src\main\AndroidManifest.xml:2:126-184
	android:versionCode
		ADDED from src\main\AndroidManifest.xml:2:46-73
		INJECTED from src\main\AndroidManifest.xml
		INJECTED from src\main\AndroidManifest.xml
supports-screens
ADDED from src\main\AndroidManifest.xml:3:5-191
	android:largeScreens
		ADDED from src\main\AndroidManifest.xml:3:49-76
	android:smallScreens
		ADDED from src\main\AndroidManifest.xml:3:132-159
	android:normalScreens
		ADDED from src\main\AndroidManifest.xml:3:77-105
	android:xlargeScreens
		ADDED from src\main\AndroidManifest.xml:3:160-188
	android:resizeable
		ADDED from src\main\AndroidManifest.xml:3:106-131
	android:anyDensity
		ADDED from src\main\AndroidManifest.xml:3:23-48
uses-permission#android.permission.INTERNET
ADDED from src\main\AndroidManifest.xml:4:5-67
	android:name
		ADDED from src\main\AndroidManifest.xml:4:22-64
application
ADDED from src\main\AndroidManifest.xml:5:5-13:19
MERGED from [com.android.support:appcompat-v7:23.4.0] AndroidManifest.xml:25:5-20
MERGED from [com.android.support:appcompat-v7:23.4.0] AndroidManifest.xml:25:5-20
MERGED from [com.android.support:animated-vector-drawable:23.4.0] AndroidManifest.xml:7:5-20
MERGED from [com.android.support:animated-vector-drawable:23.4.0] AndroidManifest.xml:7:5-20
MERGED from [com.android.support:support-vector-drawable:23.4.0] AndroidManifest.xml:7:5-20
MERGED from [com.android.support:support-vector-drawable:23.4.0] AndroidManifest.xml:7:5-20
MERGED from [com.android.support:support-v4:23.4.0] AndroidManifest.xml:22:5-20
MERGED from [com.android.support:support-v4:23.4.0] AndroidManifest.xml:22:5-20
	android:supportsRtl
		ADDED from src\main\AndroidManifest.xml:5:114-140
	android:label
		ADDED from src\main\AndroidManifest.xml:5:81-113
	android:hardwareAccelerated
		ADDED from src\main\AndroidManifest.xml:5:18-52
	android:icon
		ADDED from src\main\AndroidManifest.xml:5:53-80
activity#com.image.pro.MainActivity
ADDED from src\main\AndroidManifest.xml:6:9-11:20
	android:label
		ADDED from src\main\AndroidManifest.xml:6:97-134
	android:launchMode
		ADDED from src\main\AndroidManifest.xml:6:135-165
	android:windowSoftInputMode
		ADDED from src\main\AndroidManifest.xml:6:257-299
	android:configChanges
		ADDED from src\main\AndroidManifest.xml:6:19-96
	android:theme
		ADDED from src\main\AndroidManifest.xml:6:194-256
	android:name
		ADDED from src\main\AndroidManifest.xml:6:166-193
intent-filter#android.intent.action.MAIN+android.intent.category.LAUNCHER
ADDED from src\main\AndroidManifest.xml:7:13-10:29
	android:label
		ADDED from src\main\AndroidManifest.xml:7:28-65
action#android.intent.action.MAIN
ADDED from src\main\AndroidManifest.xml:8:17-69
	android:name
		ADDED from src\main\AndroidManifest.xml:8:25-66
category#android.intent.category.LAUNCHER
ADDED from src\main\AndroidManifest.xml:9:17-77
	android:name
		ADDED from src\main\AndroidManifest.xml:9:27-74
activity#cordova.plugin.image.recognition.ArActivity
ADDED from src\main\AndroidManifest.xml:12:9-176
	android:screenOrientation
		ADDED from src\main\AndroidManifest.xml:12:105-141
	android:label
		ADDED from src\main\AndroidManifest.xml:12:19-45
	android:theme
		ADDED from src\main\AndroidManifest.xml:12:142-173
	android:name
		ADDED from src\main\AndroidManifest.xml:12:46-104
uses-sdk
ADDED from src\main\AndroidManifest.xml:14:5-74
INJECTED from src\main\AndroidManifest.xml:14:5-74
MERGED from [com.android.support:appcompat-v7:23.4.0] AndroidManifest.xml:21:5-23:78
MERGED from [com.android.support:appcompat-v7:23.4.0] AndroidManifest.xml:21:5-23:78
MERGED from [:CordovaLib] AndroidManifest.xml:25:5-44
MERGED from [:CordovaLib] AndroidManifest.xml:25:5-44
MERGED from [com.android.support:animated-vector-drawable:23.4.0] AndroidManifest.xml:5:5-44
MERGED from [com.android.support:animated-vector-drawable:23.4.0] AndroidManifest.xml:5:5-44
MERGED from [com.android.support:support-vector-drawable:23.4.0] AndroidManifest.xml:5:5-43
MERGED from [com.android.support:support-vector-drawable:23.4.0] AndroidManifest.xml:5:5-43
MERGED from [com.android.support:support-v4:23.4.0] AndroidManifest.xml:20:5-43
MERGED from [com.android.support:support-v4:23.4.0] AndroidManifest.xml:20:5-43
INJECTED from src\main\AndroidManifest.xml:14:5-74
	tools:overrideLibrary
		ADDED from [com.android.support:appcompat-v7:23.4.0] AndroidManifest.xml:23:9-75
	android:targetSdkVersion
		ADDED from src\main\AndroidManifest.xml:14:42-71
	android:minSdkVersion
		ADDED from src\main\AndroidManifest.xml:14:15-41
		INJECTED from src\main\AndroidManifest.xml
		INJECTED from src\main\AndroidManifest.xml
uses-permission#android.permission.WRITE_EXTERNAL_STORAGE
ADDED from src\main\AndroidManifest.xml:15:5-81
	android:name
		ADDED from src\main\AndroidManifest.xml:15:22-78
uses-permission#android.permission.CAMERA
ADDED from src\main\AndroidManifest.xml:16:5-65
	android:name
		ADDED from src\main\AndroidManifest.xml:16:22-62